<?xml version="1.0" encoding="UTF-8"?>
<testsuite xmlns:xsi="http://www.w3.org/2001/XMLSchema-instance" xsi:noNamespaceSchemaLocation="https://maven.apache.org/surefire/maven-surefire-plugin/xsd/surefire-test-report-3.0.xsd" version="3.0" name="com.guvi.empManagementApp.repository.EmployeeRepoTest" time="6.187" tests="5" errors="0" skipped="0" failures="0">
  <properties>
[...]
</properties>
  <testcase name="givenEmployee_whenDelete_thenRemoveEmployee" classname="com.guvi.empManagementApp.repository.EmployeeRepoTest" time="0.232">
    <system-out><![CDATA[22:39:57.988 [main] INFO org.springframework.test.context.support.AnnotationConfigContextLoaderUtils -- Could not detect default configuration classes for test class [com.guvi.empManagementApp.repository.EmployeeRepoTest]: EmployeeRepoTest does not declare any static, non-private, non-final, nested classes annotated with @Configuration.
22:39:58.335 [main] INFO org.springframework.boot.test.context.SpringBootTestContextBootstrapper -- Found @SpringBootConfiguration com.guvi.empManagementApp.EmployeeManagementApplication for test class com.guvi.empManagementApp.repository.EmployeeRepoTest

  .   ____          _            __ _ _
 /\\ / ___'_ __ _ _(_)_ __  __ _ \ \ \ \
( ( )\___ | '_ | '_| | '_ \/ _` | \ \ \ \
 \\/  ___)| |_)| | | | | || (_| |  ) ) ) )
  '  |____| .__|_| |_|_| |_\__, | / / / /
 =========|_|==============|___/=/_/_/_/
 :: Spring Boot ::                (v3.2.4)

2024-04-10T22:39:58.823+05:30  INFO 3924 --- [Employee-Management-Application] [           main] c.g.e.repository.EmployeeRepoTest        : Starting EmployeeRepoTest using Java 17.0.10 with PID 3924 (started by sruth in D:\git-samples\checking-rep\Employee-Management-Application)
2024-04-10T22:39:58.825+05:30  INFO 3924 --- [Employee-Management-Application] [           main] c.g.e.repository.EmployeeRepoTest        : No active profile set, falling back to 1 default profile: "default"
2024-04-10T22:39:59.957+05:30  INFO 3924 --- [Employee-Management-Application] [           main] .s.d.r.c.RepositoryConfigurationDelegate : Bootstrapping Spring Data JPA repositories in DEFAULT mode.
2024-04-10T22:40:00.137+05:30  INFO 3924 --- [Employee-Management-Application] [           main] .s.d.r.c.RepositoryConfigurationDelegate : Finished Spring Data repository scanning in 164 ms. Found 3 JPA repository interfaces.
2024-04-10T22:40:00.289+05:30  INFO 3924 --- [Employee-Management-Application] [           main] beddedDataSourceBeanFactoryPostProcessor : Replacing 'dataSource' DataSource bean with embedded version
2024-04-10T22:40:00.507+05:30  INFO 3924 --- [Employee-Management-Application] [           main] o.s.j.d.e.EmbeddedDatabaseFactory        : Starting embedded database: url='jdbc:h2:mem:03a402e4-0692-490e-9ccd-e78e37ce874e;DB_CLOSE_DELAY=-1;DB_CLOSE_ON_EXIT=false', username='sa'
2024-04-10T22:40:01.149+05:30  INFO 3924 --- [Employee-Management-Application] [           main] o.hibernate.jpa.internal.util.LogHelper  : HHH000204: Processing PersistenceUnitInfo [name: default]
2024-04-10T22:40:01.286+05:30  INFO 3924 --- [Employee-Management-Application] [           main] org.hibernate.Version                    : HHH000412: Hibernate ORM core version 6.4.4.Final
2024-04-10T22:40:01.368+05:30  INFO 3924 --- [Employee-Management-Application] [           main] o.h.c.internal.RegionFactoryInitiator    : HHH000026: Second-level cache disabled
2024-04-10T22:40:01.540+05:30  INFO 3924 --- [Employee-Management-Application] [           main] o.s.o.j.p.SpringPersistenceUnitInfo      : No LoadTimeWeaver setup: ignoring JPA class transformer
2024-04-10T22:40:02.627+05:30  INFO 3924 --- [Employee-Management-Application] [           main] o.h.e.t.j.p.i.JtaPlatformInitiator       : HHH000489: No JTA platform available (set 'hibernate.transaction.jta.platform' to enable JTA platform integration)
Hibernate: create table employee (id bigint generated by default as identity, email varchar(255) not null, first_name varchar(255) not null, last_name varchar(255) not null, primary key (id))
Hibernate: create table roles (id bigint generated by default as identity, name varchar(255), primary key (id))
Hibernate: create table users (id bigint generated by default as identity, email varchar(255) not null, name varchar(255), password varchar(255) not null, username varchar(255) not null, primary key (id))
Hibernate: create table users_roles (user_id bigint not null, role_id bigint not null, primary key (user_id, role_id))
Hibernate: alter table if exists employee drop constraint if exists UK_fopic1oh5oln2khj8eat6ino0
Hibernate: alter table if exists employee add constraint UK_fopic1oh5oln2khj8eat6ino0 unique (email)
Hibernate: alter table if exists users drop constraint if exists UK_6dotkott2kjsp8vw4d0m25fb7
Hibernate: alter table if exists users add constraint UK_6dotkott2kjsp8vw4d0m25fb7 unique (email)
Hibernate: alter table if exists users drop constraint if exists UK_r43af9ap4edm43mmtq01oddj6
Hibernate: alter table if exists users add constraint UK_r43af9ap4edm43mmtq01oddj6 unique (username)
Hibernate: alter table if exists users_roles add constraint FKj6m8fwv7oqv74fcehir1a9ffy foreign key (role_id) references roles
Hibernate: alter table if exists users_roles add constraint FK2o0jvgh89lemvvo17cbqvdxaa foreign key (user_id) references users
2024-04-10T22:40:02.711+05:30  INFO 3924 --- [Employee-Management-Application] [           main] j.LocalContainerEntityManagerFactoryBean : Initialized JPA EntityManagerFactory for persistence unit 'default'
2024-04-10T22:40:03.572+05:30  INFO 3924 --- [Employee-Management-Application] [           main] c.g.e.repository.EmployeeRepoTest        : Started EmployeeRepoTest in 5.167 seconds (process running for 7.701)
Hibernate: insert into employee (email,first_name,last_name,id) values (?,?,?,default)
]]></system-out>
  </testcase>
  <testcase name="givenEmployee_whenSave_thenReturnSavedEmployee" classname="com.guvi.empManagementApp.repository.EmployeeRepoTest" time="0.012">
    <system-out><![CDATA[Hibernate: insert into employee (email,first_name,last_name,id) values (?,?,?,default)
]]></system-out>
  </testcase>
  <testcase name="givenEmployee_whenUpdateEmployee_thenReturnUpdatedEmployee" classname="com.guvi.empManagementApp.repository.EmployeeRepoTest" time="0.017">
    <system-out><![CDATA[Hibernate: insert into employee (email,first_name,last_name,id) values (?,?,?,default)
]]></system-out>
  </testcase>
  <testcase name="givenEmployeeList_whenFindAll_thenEmployeeList" classname="com.guvi.empManagementApp.repository.EmployeeRepoTest" time="0.105">
    <system-out><![CDATA[Hibernate: insert into employee (email,first_name,last_name,id) values (?,?,?,default)
Hibernate: insert into employee (email,first_name,last_name,id) values (?,?,?,default)
Hibernate: select e1_0.id,e1_0.email,e1_0.first_name,e1_0.last_name from employee e1_0
]]></system-out>
  </testcase>
  <testcase name="givenEmployeeEmail_whenFindByEmail_thenReturnEmployee" classname="com.guvi.empManagementApp.repository.EmployeeRepoTest" time="0.028">
    <system-out><![CDATA[Hibernate: insert into employee (email,first_name,last_name,id) values (?,?,?,default)
Hibernate: select e1_0.id,e1_0.email,e1_0.first_name,e1_0.last_name from employee e1_0 where e1_0.email=?
]]></system-out>
  </testcase>
</testsuite>