<?xml version="1.0" encoding="UTF-8"?>
<testsuite xmlns:xsi="http://www.w3.org/2001/XMLSchema-instance" xsi:noNamespaceSchemaLocation="https://maven.apache.org/surefire/maven-surefire-plugin/xsd/surefire-test-report-3.0.xsd" version="3.0" name="com.guvi.empManagementApp.service.EmployeeServiceTest" time="0.995" tests="2" errors="1" skipped="0" failures="0">
  <properties>
[...]
</properties>
  <testcase name="givenEmployee_whenGetEmployeesById_thenReturnEmployee" classname="com.guvi.empManagementApp.service.EmployeeServiceTest" time="0.65">
    <error message="&#10;Misplaced or misused argument matcher detected here:&#10;&#10;-&gt; at com.guvi.empManagementApp.controller.EmployeeControllerTest.givenEmployee_whenCreateEmployee_thenReturnEmployee(EmployeeControllerTest.java:42)&#10;&#10;You cannot use argument matchers outside of verification or stubbing.&#10;Examples of correct usage of argument matchers:&#10;    when(mock.get(anyInt())).thenReturn(null);&#10;    doThrow(new RuntimeException()).when(mock).someVoidMethod(any());&#10;    verify(mock).someMethod(contains(&quot;foo&quot;))&#10;&#10;This message may appear after an NullPointerException if the last matcher is returning an object &#10;like any() but the stubbed method signature expect a primitive argument, in this case,&#10;use primitive alternatives.&#10;    when(mock.get(any())); // bad use, will raise NPE&#10;    when(mock.get(anyInt())); // correct usage use&#10;&#10;Also, this error might show up because you use argument matchers with methods that cannot be mocked.&#10;Following methods *cannot* be stubbed/verified: final/private/equals()/hashCode().&#10;Mocking methods declared on non-public parent classes is not supported.&#10;" type="org.mockito.exceptions.misusing.InvalidUseOfMatchersException"><![CDATA[org.mockito.exceptions.misusing.InvalidUseOfMatchersException: 

Misplaced or misused argument matcher detected here:

-> at com.guvi.empManagementApp.controller.EmployeeControllerTest.givenEmployee_whenCreateEmployee_thenReturnEmployee(EmployeeControllerTest.java:42)

You cannot use argument matchers outside of verification or stubbing.
Examples of correct usage of argument matchers:
    when(mock.get(anyInt())).thenReturn(null);
    doThrow(new RuntimeException()).when(mock).someVoidMethod(any());
    verify(mock).someMethod(contains("foo"))

This message may appear after an NullPointerException if the last matcher is returning an object 
like any() but the stubbed method signature expect a primitive argument, in this case,
use primitive alternatives.
    when(mock.get(any())); // bad use, will raise NPE
    when(mock.get(anyInt())); // correct usage use

Also, this error might show up because you use argument matchers with methods that cannot be mocked.
Following methods *cannot* be stubbed/verified: final/private/equals()/hashCode().
Mocking methods declared on non-public parent classes is not supported.

	at org.mockito.junit.jupiter.MockitoExtension.beforeEach(MockitoExtension.java:159)
	at java.base/java.util.ArrayList.forEach(ArrayList.java:1511)
	at java.base/java.util.ArrayList.forEach(ArrayList.java:1511)
	Suppressed: java.lang.NullPointerException: Cannot invoke "java.util.Set.forEach(java.util.function.Consumer)" because the return value of "org.junit.jupiter.api.extension.ExtensionContext$Store.remove(Object, java.lang.Class)" is null
		at org.mockito.junit.jupiter.MockitoExtension.afterEach(MockitoExtension.java:190)
		... 2 more
]]></error>
  </testcase>
  <testcase name="givenEmployeeList_whenGetAllEmployee_thenReturnEmployeeList" classname="com.guvi.empManagementApp.service.EmployeeServiceTest" time="0.316"/>
</testsuite>